{
  "RSpec": {
    "coverage": {
      "/Users/bove/GitHub/projects/uncle_franks_emporium/config/environment.rb": [
        null,
        1,
        null,
        null,
        1
      ],
      "/Users/bove/GitHub/projects/uncle_franks_emporium/config/application.rb": [
        1,
        null,
        1,
        null,
        1,
        1,
        1,
        1,
        1,
        1,
        1,
        1,
        null,
        null,
        null,
        null,
        1,
        null,
        1,
        1,
        null,
        1,
        null,
        null,
        null,
        null,
        null,
        null,
        1,
        null,
        null
      ],
      "/Users/bove/GitHub/projects/uncle_franks_emporium/config/boot.rb": [
        1,
        null,
        1
      ],
      "/Users/bove/GitHub/projects/uncle_franks_emporium/config/environments/test.rb": [
        1,
        null,
        null,
        null,
        null,
        null,
        null,
        1,
        null,
        null,
        null,
        null,
        1,
        null,
        null,
        1,
        1,
        null,
        null,
        null,
        null,
        1,
        1,
        null,
        null,
        1,
        null,
        null,
        1,
        1,
        null,
        null,
        null,
        null,
        1,
        null,
        null,
        1,
        null,
        null,
        null,
        null
      ],
      "/Users/bove/GitHub/projects/uncle_franks_emporium/config/initializers/application_controller_renderer.rb": [
        null,
        null,
        null,
        null,
        null,
        null,
        null,
        null
      ],
      "/Users/bove/GitHub/projects/uncle_franks_emporium/config/initializers/assets.rb": [
        null,
        null,
        null,
        1,
        null,
        null,
        null,
        null,
        1,
        null,
        null,
        null,
        null,
        null
      ],
      "/Users/bove/GitHub/projects/uncle_franks_emporium/config/initializers/backtrace_silencers.rb": [
        null,
        null,
        null,
        null,
        null,
        null,
        null
      ],
      "/Users/bove/GitHub/projects/uncle_franks_emporium/config/initializers/cookies_serializer.rb": [
        null,
        null,
        null,
        null,
        1
      ],
      "/Users/bove/GitHub/projects/uncle_franks_emporium/config/initializers/filter_parameter_logging.rb": [
        null,
        null,
        null,
        1
      ],
      "/Users/bove/GitHub/projects/uncle_franks_emporium/config/initializers/inflections.rb": [
        null,
        null,
        null,
        null,
        null,
        null,
        null,
        null,
        null,
        null,
        null,
        null,
        null,
        null,
        null,
        null
      ],
      "/Users/bove/GitHub/projects/uncle_franks_emporium/config/initializers/mime_types.rb": [
        null,
        null,
        null,
        null
      ],
      "/Users/bove/GitHub/projects/uncle_franks_emporium/config/initializers/wrap_parameters.rb": [
        null,
        null,
        null,
        null,
        null,
        null,
        1,
        2,
        null,
        null,
        null,
        null,
        null,
        null
      ],
      "/Users/bove/GitHub/projects/uncle_franks_emporium/config/routes.rb": [
        1,
        null,
        1,
        null,
        null,
        null,
        1,
        null,
        1,
        null,
        1,
        null,
        1,
        null,
        1,
        1,
        1,
        1,
        null,
        null,
        1,
        1,
        1,
        1,
        null,
        null
      ],
      "/Users/bove/GitHub/projects/uncle_franks_emporium/app/helpers/application_helper.rb": [
        1,
        null
      ],
      "/Users/bove/GitHub/projects/uncle_franks_emporium/app/models/item.rb": [
        1,
        1,
        1,
        1,
        null
      ],
      "/Users/bove/GitHub/projects/uncle_franks_emporium/app/models/application_record.rb": [
        1,
        1,
        null
      ],
      "/Users/bove/GitHub/projects/uncle_franks_emporium/app/models/category.rb": [
        1,
        null,
        1,
        null
      ],
      "/Users/bove/GitHub/projects/uncle_franks_emporium/app/controllers/items_controller.rb": [
        1,
        1,
        null,
        1,
        2,
        null,
        null,
        1,
        null,
        null,
        null,
        1,
        null,
        1,
        13,
        null,
        null,
        null
      ],
      "/Users/bove/GitHub/projects/uncle_franks_emporium/app/controllers/application_controller.rb": [
        1,
        1,
        1,
        1,
        null,
        1,
        60,
        null,
        null,
        1,
        158,
        null,
        null,
        1,
        4,
        null,
        null,
        null
      ],
      "/Users/bove/GitHub/projects/uncle_franks_emporium/app/models/cart.rb": [
        1,
        1,
        null,
        1,
        60,
        null,
        null,
        1,
        8,
        null,
        null,
        1,
        2,
        2,
        1,
        null,
        null,
        null,
        1,
        16,
        12,
        null,
        null,
        null,
        1,
        6,
        null,
        null,
        1,
        93,
        null,
        null,
        1,
        8,
        8,
        6,
        null,
        8,
        null,
        null,
        null
      ],
      "/Users/bove/GitHub/projects/uncle_franks_emporium/app/controllers/carts_controller.rb": [
        1,
        1,
        null,
        1,
        8,
        8,
        null,
        null,
        1,
        1,
        1,
        1,
        1,
        1,
        null,
        null,
        1,
        7,
        null,
        7,
        7,
        null,
        7,
        null,
        7,
        null,
        null,
        1,
        2,
        2,
        2,
        2,
        2,
        2,
        null,
        null
      ],
      "/Users/bove/GitHub/projects/uncle_franks_emporium/app/controllers/categories_controller.rb": [
        null,
        null,
        1,
        null,
        1,
        2,
        null,
        null,
        null
      ],
      "/Users/bove/GitHub/projects/uncle_franks_emporium/app/models/user.rb": [
        1,
        1,
        1,
        null
      ],
      "/Users/bove/GitHub/projects/uncle_franks_emporium/app/models/order.rb": [
        1,
        1,
        1,
        1,
        1,
        null,
        null,
        null
      ],
      "/Users/bove/GitHub/projects/uncle_franks_emporium/app/controllers/welcome_controller.rb": [
        1,
        1,
        null,
        null
      ],
      "/Users/bove/GitHub/projects/uncle_franks_emporium/app/controllers/sessions_controller.rb": [
        1,
        1,
        null,
        null,
        1,
        4,
        4,
        3,
        3,
        3,
        null,
        1,
        1,
        null,
        null,
        null,
        1,
        1,
        1,
        null,
        null,
        null
      ],
      "/Users/bove/GitHub/projects/uncle_franks_emporium/app/controllers/users_controller.rb": [
        1,
        1,
        null,
        1,
        null,
        null,
        null,
        1,
        3,
        null,
        3,
        null,
        null,
        1,
        2,
        2,
        1,
        1,
        1,
        null,
        1,
        null,
        null,
        null,
        1,
        null,
        1,
        2,
        null,
        null,
        null
      ],
      "/Users/bove/GitHub/projects/uncle_franks_emporium/app/controllers/orders_controller.rb": [
        null,
        1,
        null,
        1,
        2,
        null,
        null,
        1,
        1,
        null,
        null,
        null
      ],
      "/Users/bove/GitHub/projects/uncle_franks_emporium/app/models/item_order.rb": [
        1,
        1,
        1,
        null
      ]
    },
    "timestamp": 1505515842
  }
}
